Build started 23.4.2016 18:46:57.
     1>Project "C:\Users\matti\Documents\Visual Studio 2013\Projects\olento\olento.vcxproj" on node 2 (Build target(s)).
     1>ClCompile:
         C:\Program Files (x86)\Microsoft Visual Studio 12.0\VC\bin\CL.exe /c /I"C:\Users\matti\Documents\Visual Studio 2013\Projects\olento\olento\olento\include" /ZI /nologo /W3 /WX- /sdl /Od /Oy- /D _CRT_SECURE_NO_WARNINGS /D _MBCS /Gm /EHsc /RTC1 /MDd /GS /fp:precise /Zc:wchar_t /Zc:forScope /Fo"Debug\\" /Fd"Debug\vc120.pdb" /Gd /TP /analyze- /errorReport:prompt olento\main.cpp
         main.cpp
     1>c:\users\matti\documents\visual studio 2013\projects\olento\olento\dclock.h(19): warning C4244: 'initializing' : conversion from 'float' to 'int', possible loss of data
     1>c:\users\matti\documents\visual studio 2013\projects\olento\olento\omesh.h(29): warning C4018: '<' : signed/unsigned mismatch
     1>c:\users\matti\documents\visual studio 2013\projects\olento\olento\omeshbundle.h(21): warning C4018: '<' : signed/unsigned mismatch
     1>c:\users\matti\documents\visual studio 2013\projects\olento\olento\omeshbundle.h(49): warning C4018: '<' : signed/unsigned mismatch
     1>c:\users\matti\documents\visual studio 2013\projects\olento\olento\omeshbundle.h(58): warning C4018: '<' : signed/unsigned mismatch
     1>c:\users\matti\documents\visual studio 2013\projects\olento\olento\omodificators.h(40): warning C4018: '<' : signed/unsigned mismatch
     1>c:\users\matti\documents\visual studio 2013\projects\olento\olento\omodificators.h(60): warning C4018: '<' : signed/unsigned mismatch
     1>c:\users\matti\documents\visual studio 2013\projects\olento\olento\omodificators.h(65): warning C4018: '<' : signed/unsigned mismatch
     1>c:\users\matti\documents\visual studio 2013\projects\olento\olento\omodificators.h(75): warning C4018: '<' : signed/unsigned mismatch
     1>c:\users\matti\documents\visual studio 2013\projects\olento\olento\main.cpp(45): warning C4244: 'argument' : conversion from 'time_t' to 'unsigned int', possible loss of data
     1>c:\users\matti\documents\visual studio 2013\projects\olento\olento\main.cpp(166): warning C4305: '=' : truncation from 'double' to 'float'
     1>c:\users\matti\documents\visual studio 2013\projects\olento\olento\main.cpp(170): warning C4305: '=' : truncation from 'double' to 'float'
     1>c:\users\matti\documents\visual studio 2013\projects\olento\olento\main.cpp(174): warning C4305: '=' : truncation from 'double' to 'float'
     1>c:\users\matti\documents\visual studio 2013\projects\olento\olento\main.cpp(178): warning C4305: '=' : truncation from 'double' to 'float'
       Link:
         C:\Program Files (x86)\Microsoft Visual Studio 12.0\VC\bin\link.exe /ERRORREPORT:PROMPT /OUT:"C:\Users\matti\Documents\Visual Studio 2013\Projects\olento\Debug\olento.exe" /INCREMENTAL /NOLOGO /LIBPATH:"C:\Users\matti\Documents\Visual Studio 2013\Projects\olento\olento\olento\lib" opengl32.lib glew32.lib SDL2.lib SDL2main.lib kernel32.lib user32.lib gdi32.lib winspool.lib comdlg32.lib advapi32.lib shell32.lib ole32.lib oleaut32.lib uuid.lib odbc32.lib odbccp32.lib /MANIFEST /MANIFESTUAC:"level='asInvoker' uiAccess='false'" /manifest:embed /DEBUG /PDB:"C:\Users\matti\Documents\Visual Studio 2013\Projects\olento\Debug\olento.pdb" /SUBSYSTEM:CONSOLE /TLBID:1 /DYNAMICBASE /NXCOMPAT /IMPLIB:"C:\Users\matti\Documents\Visual Studio 2013\Projects\olento\Debug\olento.lib" /MACHINE:X86 Debug\dobject.obj
         Debug\main.obj
         Debug\material.obj
         Debug\objloader.obj
         Debug\oCamera.obj
         Debug\oLoader.obj
         Debug\oWindow.obj
         Debug\shader.obj
         olento.vcxproj -> C:\Users\matti\Documents\Visual Studio 2013\Projects\olento\Debug\olento.exe
     1>Done Building Project "C:\Users\matti\Documents\Visual Studio 2013\Projects\olento\olento.vcxproj" (Build target(s)).

Build succeeded.

Time Elapsed 00:00:01.01
